"../../../../../Users/jaitk/OneDrive/Documents/Unreal Projects/CoopGame/Content/AdvancedAI/BB_AdvancedAI.uasset" 0
"../../../Engine/Content/EditorBlueprintResources/StandardMacros.uasset" 1
"../../../../../Users/jaitk/OneDrive/Documents/Unreal Projects/CoopGame/Content/AdvancedAI/Decorator_DistanceTo.uasset" 2
"../../../../../Users/jaitk/OneDrive/Documents/Unreal Projects/CoopGame/Content/AdvancedAI/Service_SelectTargetActor.uasset" 3
"../../../../../Users/jaitk/OneDrive/Documents/Unreal Projects/CoopGame/Content/AdvancedAI/Task_AttackTarget.uasset" 4
"../../../../../Users/jaitk/OneDrive/Documents/Unreal Projects/CoopGame/Content/AdvancedAI/EnvQueryContext_TargetActor.uasset" 5
"../../../../../Users/jaitk/OneDrive/Documents/Unreal Projects/CoopGame/Content/AdvancedAI/EQS_FindMoveTo.uasset" 6
"../../../../../Users/jaitk/OneDrive/Documents/Unreal Projects/CoopGame/Content/AnimStarterPack/UE4_Mannequin/Mesh/UE4_Mannequin_Skeleton.uasset" 7
"../../../../../Users/jaitk/OneDrive/Documents/Unreal Projects/CoopGame/Content/AnimStarterPack/Crouch_Idle_Rifle_Hip.uasset" 8
"../../../../../Users/jaitk/OneDrive/Documents/Unreal Projects/CoopGame/Content/AnimStarterPack/Death_1.uasset" 9
"../../../../../Users/jaitk/OneDrive/Documents/Unreal Projects/CoopGame/Content/AnimStarterPack/Idle_Rifle_Hip.uasset" 10
"../../../../../Users/jaitk/OneDrive/Documents/Unreal Projects/CoopGame/Content/AnimStarterPack/Jump_From_Jog.uasset" 11
"../../../../../Users/jaitk/OneDrive/Documents/Unreal Projects/CoopGame/Content/AnimStarterPack/Jump_From_Stand.uasset" 12
"../../../../../Users/jaitk/OneDrive/Documents/Unreal Projects/CoopGame/Content/AnimStarterPack/Crouch_Walk_Bwd_Rifle_Hip.uasset" 13
"../../../../../Users/jaitk/OneDrive/Documents/Unreal Projects/CoopGame/Content/AnimStarterPack/Crouch_Walk_Fwd_Rifle_Hip.uasset" 14
"../../../../../Users/jaitk/OneDrive/Documents/Unreal Projects/CoopGame/Content/AnimStarterPack/Crouch_Walk_Lt_Rifle_Hip.uasset" 15
"../../../../../Users/jaitk/OneDrive/Documents/Unreal Projects/CoopGame/Content/AnimStarterPack/Crouch_Walk_Rt_Rifle_Hip.uasset" 16
"../../../../../Users/jaitk/OneDrive/Documents/Unreal Projects/CoopGame/Content/AnimStarterPack/BS_CrouchWalk.uasset" 17
"../../../../../Users/jaitk/OneDrive/Documents/Unreal Projects/CoopGame/Content/AnimStarterPack/Jog_Bwd_Rifle.uasset" 18
"../../../../../Users/jaitk/OneDrive/Documents/Unreal Projects/CoopGame/Content/AnimStarterPack/Jog_Fwd_Rifle.uasset" 19
"../../../../../Users/jaitk/OneDrive/Documents/Unreal Projects/CoopGame/Content/AnimStarterPack/Jog_Lt_Rifle.uasset" 20
"../../../../../Users/jaitk/OneDrive/Documents/Unreal Projects/CoopGame/Content/AnimStarterPack/Jog_Rt_Rifle.uasset" 21
"../../../../../Users/jaitk/OneDrive/Documents/Unreal Projects/CoopGame/Content/AnimStarterPack/BS_Jog.uasset" 22
"../../../../../Users/jaitk/OneDrive/Documents/Unreal Projects/CoopGame/Content/AnimStarterPack/UE4ASP_HeroTPP_AnimBlueprint.uasset" 23
"../../../../../Users/jaitk/OneDrive/Documents/Unreal Projects/CoopGame/Content/WeaponEffects/BasicTracer/Beam.uasset" 24
"../../../../../Users/jaitk/OneDrive/Documents/Unreal Projects/CoopGame/Content/WeaponEffects/BasicTracer/M_Beam.uasset" 25
"../../../../../Users/jaitk/OneDrive/Documents/Unreal Projects/CoopGame/Content/WeaponEffects/BasicTracer/P_SmokeTrail.uasset" 26
"../../../../../Users/jaitk/OneDrive/Documents/Unreal Projects/CoopGame/Content/WeaponEffects/BloodImpact/clouds_dust_detail_01.uasset" 27
"../../../../../Users/jaitk/OneDrive/Documents/Unreal Projects/CoopGame/Content/WeaponEffects/BloodImpact/M_blood_cloud_01.uasset" 28
"../../../../../Users/jaitk/OneDrive/Documents/Unreal Projects/CoopGame/Content/WeaponEffects/BloodImpact/T_BloodSplatter_Frames01.uasset" 29
"../../../../../Users/jaitk/OneDrive/Documents/Unreal Projects/CoopGame/Content/WeaponEffects/BloodImpact/M_blood_splash_01.uasset" 30
"../../../../../Users/jaitk/OneDrive/Documents/Unreal Projects/CoopGame/Content/WeaponEffects/BloodImpact/T_BloodSplat_03_SubUV.uasset" 31
"../../../../../Users/jaitk/OneDrive/Documents/Unreal Projects/CoopGame/Content/WeaponEffects/BloodImpact/M_blood_splash_03.uasset" 32
"../../../../../Users/jaitk/OneDrive/Documents/Unreal Projects/CoopGame/Content/WeaponEffects/BloodImpact/P_blood_splash_02.uasset" 33
"../../../../../Users/jaitk/OneDrive/Documents/Unreal Projects/CoopGame/Content/WeaponEffects/GenericImpact/Flare_02.uasset" 34
"../../../../../Users/jaitk/OneDrive/Documents/Unreal Projects/CoopGame/Content/WeaponEffects/GenericImpact/M_LensFlare_02.uasset" 35
"../../../../../Users/jaitk/OneDrive/Documents/Unreal Projects/CoopGame/Content/WeaponEffects/GenericImpact/T_SparkCore_2X2.uasset" 36
"../../../../../Users/jaitk/OneDrive/Documents/Unreal Projects/CoopGame/Content/WeaponEffects/GenericImpact/M_spark_subUV.uasset" 37
"../../../../../Users/jaitk/OneDrive/Documents/Unreal Projects/CoopGame/Content/WeaponEffects/GenericImpact/P_RifleImpact.uasset" 38
"../../../../../Users/jaitk/OneDrive/Documents/Unreal Projects/CoopGame/Content/WeaponEffects/Muzzle/MuzzleSmokeOne_1024_11x11.uasset" 39
"../../../../../Users/jaitk/OneDrive/Documents/Unreal Projects/CoopGame/Content/WeaponEffects/Muzzle/MuzzleFlash_Master.uasset" 40
"../../../../../Users/jaitk/OneDrive/Documents/Unreal Projects/CoopGame/Content/WeaponEffects/Muzzle/MuzzleFlash_Master_Inst.uasset" 41
"../../../../../Users/jaitk/OneDrive/Documents/Unreal Projects/CoopGame/Content/WeaponEffects/Muzzle/MuzzleTwo_2048_6x6.uasset" 42
"../../../../../Users/jaitk/OneDrive/Documents/Unreal Projects/CoopGame/Content/WeaponEffects/Muzzle/MuzzleFlash_Master_Inst_2.uasset" 43
"../../../../../Users/jaitk/OneDrive/Documents/Unreal Projects/CoopGame/Content/WeaponEffects/Muzzle/P_Muzzle_Large.uasset" 44
"../../../../../Users/jaitk/OneDrive/Documents/Unreal Projects/CoopGame/Content/Weapons/Crosshairs/T_Crosshair_Horizontal_M.uasset" 45
"../../../../../Users/jaitk/OneDrive/Documents/Unreal Projects/CoopGame/Content/Weapons/Crosshairs/T_Crosshair_Scanline_M.uasset" 46
"../../../../../Users/jaitk/OneDrive/Documents/Unreal Projects/CoopGame/Content/Weapons/Crosshairs/M_Crosshairs_MultiHolo_Scanline.uasset" 47
"../../../../../Users/jaitk/OneDrive/Documents/Unreal Projects/CoopGame/Content/Weapons/MagGun_01_N.uasset" 48
"../../../../../Users/jaitk/OneDrive/Documents/Unreal Projects/CoopGame/Content/Weapons/M_Weapon01.uasset" 49
"../../../../../Users/jaitk/OneDrive/Documents/Unreal Projects/CoopGame/Content/Weapons/MI_Rifle01.uasset" 50
"../../../../../Users/jaitk/OneDrive/Documents/Unreal Projects/CoopGame/Content/Weapons/MagGun_02_N.uasset" 51
"../../../../../Users/jaitk/OneDrive/Documents/Unreal Projects/CoopGame/Content/Weapons/MI_Rifle02.uasset" 52
"../../../../../Users/jaitk/OneDrive/Documents/Unreal Projects/CoopGame/Content/Weapons/SK_Rifle_Skeleton.uasset" 53
"../../../../../Users/jaitk/OneDrive/Documents/Unreal Projects/CoopGame/Content/Weapons/SK_Rifle.uasset" 54
"../../../../../Users/jaitk/OneDrive/Documents/Unreal Projects/CoopGame/Content/Blueprints/BP_Shotgun.uasset" 55
"../../../Engine/Content/Functions/Engine_MaterialFunctions02/Utility/BlendAngleCorrectedNormals.uasset" 56
"../../../Engine/Content/Functions/MaterialLayerFunctions/MatLayerBlend_AO.uasset" 57
"../../../Engine/Content/Functions/MaterialLayerFunctions/MatLayerBlend_NormalBlend.uasset" 58
"../../../Engine/Content/Functions/MaterialLayerFunctions/MatLayerBlend_Simple.uasset" 59
"../../../../../Users/jaitk/OneDrive/Documents/Unreal Projects/CoopGame/Content/AnimStarterPack/UE4_Mannequin/Materials/MaterialLayers/T_ML_Rubber_Blue_01_D.uasset" 60
"../../../../../Users/jaitk/OneDrive/Documents/Unreal Projects/CoopGame/Content/AnimStarterPack/UE4_Mannequin/Materials/MaterialLayers/T_ML_Rubber_Blue_01_N.uasset" 61
"../../../../../Users/jaitk/OneDrive/Documents/Unreal Projects/CoopGame/Content/AnimStarterPack/UE4_Mannequin/Materials/MaterialLayers/ML_GlossyBlack_Latex_UE4.uasset" 62
"../../../../../Users/jaitk/OneDrive/Documents/Unreal Projects/CoopGame/Content/AnimStarterPack/UE4_Mannequin/Materials/MaterialLayers/ML_Plastic_Shiny_Beige.uasset" 63
"../../../../../Users/jaitk/OneDrive/Documents/Unreal Projects/CoopGame/Content/AnimStarterPack/UE4_Mannequin/Textures/UE4_LOGO_CARD.uasset" 64
"../../../../../Users/jaitk/OneDrive/Documents/Unreal Projects/CoopGame/Content/AnimStarterPack/UE4_Mannequin/Materials/MaterialLayers/ML_Plastic_Shiny_Beige_LOGO.uasset" 65
"../../../../../Users/jaitk/OneDrive/Documents/Unreal Projects/CoopGame/Content/AnimStarterPack/UE4_Mannequin/Materials/MaterialLayers/T_ML_Aluminum01.uasset" 66
"../../../../../Users/jaitk/OneDrive/Documents/Unreal Projects/CoopGame/Content/AnimStarterPack/UE4_Mannequin/Materials/MaterialLayers/T_ML_Aluminum01_N.uasset" 67
"../../../../../Users/jaitk/OneDrive/Documents/Unreal Projects/CoopGame/Content/AnimStarterPack/UE4_Mannequin/Materials/MaterialLayers/ML_SoftMetal_UE4.uasset" 68
"../../../../../Users/jaitk/OneDrive/Documents/Unreal Projects/CoopGame/Content/AnimStarterPack/UE4_Mannequin/Textures/UE4_Mannequin__normals.uasset" 69
"../../../../../Users/jaitk/OneDrive/Documents/Unreal Projects/CoopGame/Content/AnimStarterPack/UE4_Mannequin/Textures/UE4_Mannequin_MAT_MASKA.uasset" 70
"../../../../../Users/jaitk/OneDrive/Documents/Unreal Projects/CoopGame/Content/AnimStarterPack/UE4_Mannequin/Textures/UE4_Mannequin_occlusion_Mobile.uasset" 71
"../../../../../Users/jaitk/OneDrive/Documents/Unreal Projects/CoopGame/Content/AnimStarterPack/UE4_Mannequin/Materials/M_UE4Man_Body2.uasset" 72
"../../../../../Users/jaitk/OneDrive/Documents/Unreal Projects/CoopGame/Content/AnimStarterPack/UE4_Mannequin/Textures/UE4Man_Logo_N.uasset" 73
"../../../../../Users/jaitk/OneDrive/Documents/Unreal Projects/CoopGame/Content/AnimStarterPack/UE4_Mannequin/Materials/M_UE4Man_ChestLogo2.uasset" 74
"../../../../../Users/jaitk/OneDrive/Documents/Unreal Projects/CoopGame/Content/AnimStarterPack/UE4_Mannequin/Materials/M_UE4Man_Body.uasset" 75
"../../../../../Users/jaitk/OneDrive/Documents/Unreal Projects/CoopGame/Content/AnimStarterPack/UE4_Mannequin/Materials/M_UE4Man_ChestLogo.uasset" 76
"../../../../../Users/jaitk/OneDrive/Documents/Unreal Projects/CoopGame/Content/Core/PhysMat_FleshDefault.uasset" 77
"../../../../../Users/jaitk/OneDrive/Documents/Unreal Projects/CoopGame/Content/Core/PhysMat_FleshVulnerable.uasset" 78
"../../../../../Users/jaitk/OneDrive/Documents/Unreal Projects/CoopGame/Content/AnimStarterPack/UE4_Mannequin/Mesh/SK_Mannequin_PhysicsAsset.uasset" 79
"../../../../../Users/jaitk/OneDrive/Documents/Unreal Projects/CoopGame/Content/AnimStarterPack/UE4_Mannequin/Mesh/SK_Mannequin.uasset" 80
"../../../../../Users/jaitk/OneDrive/Documents/Unreal Projects/CoopGame/Content/UI/WBP_Crosshair.uasset" 81
"../../../../../Users/jaitk/OneDrive/Documents/Unreal Projects/CoopGame/Content/UI/WBP_HUD.uasset" 82
"../../../../../Users/jaitk/OneDrive/Documents/Unreal Projects/CoopGame/Content/UI/T_HealthMask.uasset" 83
"../../../../../Users/jaitk/OneDrive/Documents/Unreal Projects/CoopGame/Content/UI/M_HealthIndicator.uasset" 84
"../../../../../Users/jaitk/OneDrive/Documents/Unreal Projects/CoopGame/Content/UI/WPB_HealthIndicator.uasset" 85
"../../../../../Users/jaitk/OneDrive/Documents/Unreal Projects/CoopGame/Content/Blueprints/PlayerPawn.uasset" 86
"../../../../../Users/jaitk/OneDrive/Documents/Unreal Projects/CoopGame/Content/AdvancedAI/EQS_FindNearestPlayer.uasset" 87
"../../../../../Users/jaitk/OneDrive/Documents/Unreal Projects/CoopGame/Content/AdvancedAI/TEST_BT_AI.uasset" 88
"../../../../../Users/jaitk/OneDrive/Documents/Unreal Projects/CoopGame/Content/AnimStarterPack/Aim_Space_Hip.uasset" 89
"../../../../../Users/jaitk/OneDrive/Documents/Unreal Projects/CoopGame/Content/AnimStarterPack/Aim_Space_Ironsights.uasset" 90
"../../../../../Users/jaitk/OneDrive/Documents/Unreal Projects/CoopGame/Content/AnimStarterPack/Crouch_to_Stand_Rifle_Hip.uasset" 91
"../../../../../Users/jaitk/OneDrive/Documents/Unreal Projects/CoopGame/Content/AnimStarterPack/Crouch_to_Stand_Rifle_Ironsights.uasset" 92
"../../../../../Users/jaitk/OneDrive/Documents/Unreal Projects/CoopGame/Content/AnimStarterPack/Crouch_Walk_Bwd_Rifle_Ironsights.uasset" 93
"../../../../../Users/jaitk/OneDrive/Documents/Unreal Projects/CoopGame/Content/AnimStarterPack/Crouch_Walk_Lt_Rifle_Ironsights.uasset" 94
"../../../../../Users/jaitk/OneDrive/Documents/Unreal Projects/CoopGame/Content/AnimStarterPack/Crouch_Walk_Rt_Rifle_Ironsights.uasset" 95
"../../../../../Users/jaitk/OneDrive/Documents/Unreal Projects/CoopGame/Content/AnimStarterPack/Death_2.uasset" 96
"../../../../../Users/jaitk/OneDrive/Documents/Unreal Projects/CoopGame/Content/AnimStarterPack/Death_3.uasset" 97
"../../../../../Users/jaitk/OneDrive/Documents/Unreal Projects/CoopGame/Content/AnimStarterPack/Death_Ironsights_1.uasset" 98
"../../../../../Users/jaitk/OneDrive/Documents/Unreal Projects/CoopGame/Content/AnimStarterPack/Death_Ironsights_2.uasset" 99
"../../../../../Users/jaitk/OneDrive/Documents/Unreal Projects/CoopGame/Content/AnimStarterPack/Equip_Rifle_Standing.uasset" 100
"../../../../../Users/jaitk/OneDrive/Documents/Unreal Projects/CoopGame/Content/AnimStarterPack/Fire_Rifle_Hip.uasset" 101
"../../../../../Users/jaitk/OneDrive/Documents/Unreal Projects/CoopGame/Content/AnimStarterPack/Fire_Shotgun_Hip.uasset" 102
"../../../../../Users/jaitk/OneDrive/Documents/Unreal Projects/CoopGame/Content/AnimStarterPack/Fire_Shotgun_Ironsights.uasset" 103
"../../../../../Users/jaitk/OneDrive/Documents/Unreal Projects/CoopGame/Content/AnimStarterPack/Hit_React_4.uasset" 104
"../../../../../Users/jaitk/OneDrive/Documents/Unreal Projects/CoopGame/Content/AnimStarterPack/Idle_Pistol.uasset" 105
"../../../../../Users/jaitk/OneDrive/Documents/Unreal Projects/CoopGame/Content/AnimStarterPack/Idle_Rifle_Ironsights.uasset" 106
"../../../../../Users/jaitk/OneDrive/Documents/Unreal Projects/CoopGame/Content/AnimStarterPack/Jump_From_Stand_Ironsights.uasset" 107
"../../../../../Users/jaitk/OneDrive/Documents/Unreal Projects/CoopGame/Content/AnimStarterPack/Prone_Death_1.uasset" 108
"../../../../../Users/jaitk/OneDrive/Documents/Unreal Projects/CoopGame/Content/AnimStarterPack/Prone_Death_2.uasset" 109
"../../../../../Users/jaitk/OneDrive/Documents/Unreal Projects/CoopGame/Content/AnimStarterPack/Prone_Fire_1.uasset" 110
"../../../../../Users/jaitk/OneDrive/Documents/Unreal Projects/CoopGame/Content/AnimStarterPack/Prone_Fire_2.uasset" 111
"../../../../../Users/jaitk/OneDrive/Documents/Unreal Projects/CoopGame/Content/AnimStarterPack/Prone_Idle.uasset" 112
"../../../../../Users/jaitk/OneDrive/Documents/Unreal Projects/CoopGame/Content/AnimStarterPack/Prone_Reload_Rifle.uasset" 113
"../../../../../Users/jaitk/OneDrive/Documents/Unreal Projects/CoopGame/Content/AnimStarterPack/Prone_Reload_Shotgun.uasset" 114
"../../../../../Users/jaitk/OneDrive/Documents/Unreal Projects/CoopGame/Content/AnimStarterPack/Prone_To_Stand.uasset" 115
"../../../../../Users/jaitk/OneDrive/Documents/Unreal Projects/CoopGame/Content/AnimStarterPack/Reload_Pistol.uasset" 116
"../../../../../Users/jaitk/OneDrive/Documents/Unreal Projects/CoopGame/Content/AnimStarterPack/Reload_Rifle_Ironsights.uasset" 117
"../../../../../Users/jaitk/OneDrive/Documents/Unreal Projects/CoopGame/Content/AnimStarterPack/Reload_Shotgun_Hip.uasset" 118
"../../../../../Users/jaitk/OneDrive/Documents/Unreal Projects/CoopGame/Content/AnimStarterPack/Reload_Shotgun_Ironsights.uasset" 119
"../../../../../Users/jaitk/OneDrive/Documents/Unreal Projects/CoopGame/Content/AnimStarterPack/Sprint_Fwd_Rifle.uasset" 120
"../../../../../Users/jaitk/OneDrive/Documents/Unreal Projects/CoopGame/Content/AnimStarterPack/Stand_to_Crouch_Rifle_Hip.uasset" 121
"../../../../../Users/jaitk/OneDrive/Documents/Unreal Projects/CoopGame/Content/AnimStarterPack/Stand_to_Crouch_Rifle_Ironsights.uasset" 122
"../../../../../Users/jaitk/OneDrive/Documents/Unreal Projects/CoopGame/Content/AnimStarterPack/Stand_To_Prone.uasset" 123
"../../../../../Users/jaitk/OneDrive/Documents/Unreal Projects/CoopGame/Content/AnimStarterPack/Ue4ASP_Character.uasset" 124
"../../../../../Users/jaitk/OneDrive/Documents/Unreal Projects/CoopGame/Content/AnimStarterPack/Walk_Bwd_Rifle_Ironsights.uasset" 125
"../../../../../Users/jaitk/OneDrive/Documents/Unreal Projects/CoopGame/Content/AnimStarterPack/Walk_Lt_Rifle_Ironsights.uasset" 126
"../../../../../Users/jaitk/OneDrive/Documents/Unreal Projects/CoopGame/Content/AnimStarterPack/Walk_Rt_Rifle_Ironsights.uasset" 127
"../../../Engine/Content/EngineMaterials/T_Default_Material_Grid_M.uasset" 128
"../../../../../Users/jaitk/OneDrive/Documents/Unreal Projects/CoopGame/Content/Challenges/ExplosiveBarrel/M_ExplosiveBarrel.uasset" 129
"../../../../../Users/jaitk/OneDrive/Documents/Unreal Projects/CoopGame/Content/Challenges/ExplosiveBarrel/M_ExplosiveBarrelExploded.uasset" 130
"../../../Engine/Content/Functions/Engine_MaterialFunctions01/Opacity/CameraDepthFade.uasset" 131
"../../../Engine/Content/EngineMaterials/T_Default_Material_Grid_N.uasset" 132
"../../../Engine/Content/EngineMaterials/DefaultMaterial.uasset" 133
"../../../../../Users/jaitk/OneDrive/Documents/Unreal Projects/CoopGame/Content/Challenges/ExplosiveBarrel/SM_ExplosiveBarrel.uasset" 134
"../../../../../Users/jaitk/OneDrive/Documents/Unreal Projects/CoopGame/Content/WeaponEffects/Explosion/T_Burst_M.uasset" 135
"../../../../../Users/jaitk/OneDrive/Documents/Unreal Projects/CoopGame/Content/WeaponEffects/Explosion/M_Burst.uasset" 136
"../../../../../Users/jaitk/OneDrive/Documents/Unreal Projects/CoopGame/Content/WeaponEffects/Explosion/T_Explosion_SubUV.uasset" 137
"../../../../../Users/jaitk/OneDrive/Documents/Unreal Projects/CoopGame/Content/WeaponEffects/Explosion/M_explosion_subUV.uasset" 138
"../../../../../Users/jaitk/OneDrive/Documents/Unreal Projects/CoopGame/Content/WeaponEffects/Explosion/m_flare_01.uasset" 139
"../../../Engine/Content/Functions/Engine_MaterialFunctions01/Gradient/RadialGradient.uasset" 140
"../../../../../Users/jaitk/OneDrive/Documents/Unreal Projects/CoopGame/Content/WeaponEffects/Explosion/M_radial_ramp.uasset" 141
"../../../../../Users/jaitk/OneDrive/Documents/Unreal Projects/CoopGame/Content/WeaponEffects/Explosion/T_Smoke_SubUV.uasset" 142
"../../../../../Users/jaitk/OneDrive/Documents/Unreal Projects/CoopGame/Content/WeaponEffects/Explosion/T_Smoke_Tiled_D.uasset" 143
"../../../../../Users/jaitk/OneDrive/Documents/Unreal Projects/CoopGame/Content/WeaponEffects/Explosion/M_smoke_subUV.uasset" 144
"../../../../../Users/jaitk/OneDrive/Documents/Unreal Projects/CoopGame/Content/WeaponEffects/Explosion/P_Explosion.uasset" 145
"../../../../../Users/jaitk/OneDrive/Documents/Unreal Projects/CoopGame/Content/Blueprints/BP_ExplosiveBarrel.uasset" 146
"../../../../../Users/jaitk/OneDrive/Documents/Unreal Projects/CoopGame/Content/Blueprints/CamShake_RifleFire.uasset" 147
"../../../../../Users/jaitk/OneDrive/Documents/Unreal Projects/CoopGame/Content/Blueprints/BP_Rifle.uasset" 148
"../../../../../Users/jaitk/OneDrive/Documents/Unreal Projects/CoopGame/Content/Blueprints/BP_TargetDummy.uasset" 149
"../../../../../Users/jaitk/OneDrive/Documents/Unreal Projects/CoopGame/Content/TrackerBot/ball_roll_03_loop.uasset" 150
"../../../../../Users/jaitk/OneDrive/Documents/Unreal Projects/CoopGame/Content/TrackerBot/ball_roll_03_loop_Cue.uasset" 151
"../../../../../Users/jaitk/OneDrive/Documents/Unreal Projects/CoopGame/Content/TrackerBot/DroneTracker_explodewarning.uasset" 152
"../../../../../Users/jaitk/OneDrive/Documents/Unreal Projects/CoopGame/Content/TrackerBot/TrackerBotAttenuation.uasset" 153
"../../../../../Users/jaitk/OneDrive/Documents/Unreal Projects/CoopGame/Content/TrackerBot/DroneTracker_explodewarning_Cue.uasset" 154
"../../../../../Users/jaitk/OneDrive/Documents/Unreal Projects/CoopGame/Content/TrackerBot/Explosion01.uasset" 155
"../../../../../Users/jaitk/OneDrive/Documents/Unreal Projects/CoopGame/Content/TrackerBot/Explosion01_Cue.uasset" 156
"../../../Engine/Content/Functions/Engine_MaterialFunctions02/Utility/Sine_Remapped.uasset" 157
"../../../../../Users/jaitk/OneDrive/Documents/Unreal Projects/CoopGame/Content/TrackerBot/M_TrackerBot1.uasset" 158
"../../../../../Users/jaitk/OneDrive/Documents/Unreal Projects/CoopGame/Content/TrackerBot/SM_TrackerBot.uasset" 159
"../../../../../Users/jaitk/OneDrive/Documents/Unreal Projects/CoopGame/Content/TrackerBot/BP_TrackerBot.uasset" 160
"../../../../../Users/jaitk/OneDrive/Documents/Unreal Projects/CoopGame/Content/Blueprints/BP_TrackerBot.uasset" 161
"../../../../../Users/jaitk/OneDrive/Documents/Unreal Projects/CoopGame/Content/Powerups/Pickup_ammo.uasset" 162
"../../../../../Users/jaitk/OneDrive/Documents/Unreal Projects/CoopGame/Content/Powerups/Pickup_powerup.uasset" 163
"../../../../../Users/jaitk/OneDrive/Documents/Unreal Projects/CoopGame/Content/Powerups/Pickup_weapon.uasset" 164
"../../../../../Users/jaitk/OneDrive/Documents/Unreal Projects/CoopGame/Content/Powerups/powerdown_01.uasset" 165
"../../../../../Users/jaitk/OneDrive/Documents/Unreal Projects/CoopGame/Content/Powerups/powerdown_02.uasset" 166
"../../../../../Users/jaitk/OneDrive/Documents/Unreal Projects/CoopGame/Content/Powerups/powerup_loop_01.uasset" 167
"../../../../../Users/jaitk/OneDrive/Documents/Unreal Projects/CoopGame/Content/Powerups/powerup_loop_02.uasset" 168
"../../../../../Users/jaitk/OneDrive/Documents/Unreal Projects/CoopGame/Content/Powerups/respawn_01.uasset" 169
"../../../../../Users/jaitk/OneDrive/Documents/Unreal Projects/CoopGame/Content/Powerups/T_CircleMask.uasset" 170
"../../../../../Users/jaitk/OneDrive/Documents/Unreal Projects/CoopGame/Content/Powerups/T_CircleMask2.uasset" 171
"../../../../../Users/jaitk/OneDrive/Documents/Unreal Projects/CoopGame/Content/Powerups/Effects/T_Flame_Tile.uasset" 172
"../../../../../Users/jaitk/OneDrive/Documents/Unreal Projects/CoopGame/Content/Powerups/Effects/T_MeshFire_Mask.uasset" 173
"../../../../../Users/jaitk/OneDrive/Documents/Unreal Projects/CoopGame/Content/Powerups/Effects/gold_ore_effect.uasset" 174
"../../../../../Users/jaitk/OneDrive/Documents/Unreal Projects/CoopGame/Content/Powerups/Effects/sunflare.uasset" 175
"../../../../../Users/jaitk/OneDrive/Documents/Unreal Projects/CoopGame/Content/Powerups/Effects/m_flare_03.uasset" 176
"../../../../../Users/jaitk/OneDrive/Documents/Unreal Projects/CoopGame/Content/Powerups/Effects/clouds_dust_detail_01.uasset" 177
"../../../../../Users/jaitk/OneDrive/Documents/Unreal Projects/CoopGame/Content/Powerups/Effects/M_wind_swirl_02.uasset" 178
"../../../../../Users/jaitk/OneDrive/Documents/Unreal Projects/CoopGame/Content/Powerups/Effects/S_SandSwirl.uasset" 179
"../../../../../Users/jaitk/OneDrive/Documents/Unreal Projects/CoopGame/Content/Powerups/Effects/P_gold_ore_appearance.uasset" 180
"../../../../../Users/jaitk/OneDrive/Documents/Unreal Projects/CoopGame/Content/Powerups/Effects/T_Fire_tile.uasset" 181
"../../../../../Users/jaitk/OneDrive/Documents/Unreal Projects/CoopGame/Content/Powerups/Effects/gold_ore_circle2.uasset" 182
"../../../../../Users/jaitk/OneDrive/Documents/Unreal Projects/CoopGame/Content/Powerups/Effects/M_Volumetric_Streaks.uasset" 183
"../../../../../Users/jaitk/OneDrive/Documents/Unreal Projects/CoopGame/Content/Powerups/Effects/M_single_ray_01.uasset" 184
"../../../../../Users/jaitk/OneDrive/Documents/Unreal Projects/CoopGame/Content/Powerups/Effects/P_gold_ore_aura.uasset" 185
"../../../../../Users/jaitk/OneDrive/Documents/Unreal Projects/CoopGame/Content/Powerups/Effects/P_gold_ore_lost.uasset" 186
"../../../Engine/Content/EngineMaterials/WorldGridMaterial.uasset" 187
"../../../../../Users/jaitk/OneDrive/Documents/Unreal Projects/CoopGame/Content/Powerups/Effects/round_mask.uasset" 188
"../../../../../Users/jaitk/OneDrive/Documents/Unreal Projects/CoopGame/Content/Powerups/Effects/T_Smoke2_Tile.uasset" 189
"../../../../../Users/jaitk/OneDrive/Documents/Unreal Projects/CoopGame/Content/Powerups/Effects/Coin2.uasset" 190
"../../../../../Users/jaitk/OneDrive/Documents/Unreal Projects/CoopGame/Content/Powerups/Effects/SM_plane_pivot_down.uasset" 191
"../../../../../Users/jaitk/OneDrive/Documents/Unreal Projects/CoopGame/Content/Powerups/Effects/P_gold_ore_received.uasset" 192
"../../../../../Users/jaitk/OneDrive/Documents/Unreal Projects/CoopGame/Content/TrackerBot/ball_roll_01g.uasset" 193
"../../../../../Users/jaitk/OneDrive/Documents/Unreal Projects/CoopGame/Content/TrackerBot/ball_roll_02_loop.uasset" 194
"../../../../../Users/jaitk/OneDrive/Documents/Unreal Projects/CoopGame/Content/TrackerBot/ball_roll_04_loop.uasset" 195
"../../../../../Users/jaitk/OneDrive/Documents/Unreal Projects/CoopGame/Content/TrackerBot/DroneTracker_idle.uasset" 196
"../../../../../Users/jaitk/OneDrive/Documents/Unreal Projects/CoopGame/Content/TrackerBot/DroneTracker_spotted.uasset" 197
"../../../../../Users/jaitk/OneDrive/Documents/Unreal Projects/CoopGame/Content/TrackerBot/M_TrackerBot.uasset" 198
"../../../../../Users/jaitk/OneDrive/Documents/Unreal Projects/CoopGame/Content/WeaponEffects/ShellEject/M_ShellEjectMetal.uasset" 199
"../../../../../Users/jaitk/OneDrive/Documents/Unreal Projects/CoopGame/Content/WeaponEffects/ShellEject/SM_ShellEject.uasset" 200
"../../../../../Users/jaitk/OneDrive/Documents/Unreal Projects/CoopGame/Content/WeaponEffects/ShellEject/P_Rifle_ShellEject.uasset" 201
"../../../Engine/Content/Animation/DefaultAnimCurveCompressionSettings.uasset" 202
"../../../Engine/Content/ArtTools/RenderToTexture/Meshes/S_1_Unit_Plane.uasset" 203
"../../../Engine/Content/BasicShapes/Cone.uasset" 204
"../../../Engine/Content/BasicShapes/Cylinder.uasset" 205
"../../../Engine/Content/BasicShapes/Plane.uasset" 206
"../../../Engine/Content/EditorLandscapeResources/DataLayer.uasset" 207
"../../../Engine/Content/EditorMaterials/MAT_Groups_Toggle.uasset" 208
"../../../Engine/Content/EditorMaterials/MAT_Groups_Visibility.uasset" 209
"../../../Engine/Content/EditorMaterials/PreviewShadowIndicator.uasset" 210
"../../../Engine/Content/EditorMaterials/PreviewShadowIndicatorMaterial.uasset" 211
"../../../Engine/Content/EditorMaterials/MatineeGroups/MAT_ColorTrack.uasset" 212
"../../../Engine/Content/EditorMaterials/MatineeGroups/MAT_Groups_Anim.uasset" 213
"../../../Engine/Content/EditorMaterials/MatineeGroups/MAT_Groups_AudioMaster.uasset" 214
"../../../Engine/Content/EditorMaterials/MatineeGroups/MAT_Groups_Director.uasset" 215
"../../../Engine/Content/EditorMaterials/MatineeGroups/MAT_Groups_Event.uasset" 216
"../../../Engine/Content/EditorMaterials/MatineeGroups/MAT_Groups_Fade.uasset" 217
"../../../Engine/Content/EditorMaterials/MatineeGroups/MAT_Groups_Float.uasset" 218
"../../../Engine/Content/EditorMaterials/MatineeGroups/MAT_Groups_Move.uasset" 219
"../../../Engine/Content/EditorMaterials/MatineeGroups/MAT_Groups_Slomo.uasset" 220
"../../../Engine/Content/EditorMaterials/MatineeGroups/MAT_Groups_Sound.uasset" 221
"../../../Engine/Content/EditorMaterials/MatineeGroups/MAT_Groups_Vector.uasset" 222
"../../../Engine/Content/EditorMaterials/ParticleSystems/PSysThumbnail_NoImage.uasset" 223
"../../../Engine/Content/EditorMaterials/ParticleSystems/PSysThumbnail_OOD.uasset" 224
"../../../Engine/Content/EditorMaterials/Camera/CineMat.uasset" 225
"../../../Engine/Content/EditorMaterials/Camera/MI_CineMat_Rig.uasset" 226
"../../../Engine/Content/EditorMeshes/Camera/SM_CraneRig_Arm.uasset" 227
"../../../Engine/Content/EditorMeshes/Camera/SM_CraneRig_Base.uasset" 228
"../../../Engine/Content/EditorMeshes/Camera/SM_CraneRig_Body.uasset" 229
"../../../Engine/Content/EditorMeshes/Camera/SM_CraneRig_Mount.uasset" 230
"../../../Engine/Content/EditorMeshes/Camera/SM_RailRig_Mount.uasset" 231
"../../../Engine/Content/EditorMeshes/Camera/SM_RailRig_Track.uasset" 232
"../../../Engine/Content/EditorResources/BSPVertex.uasset" 233
"../../../Engine/Content/EditorResources/EmptyActor.uasset" 234
"../../../Engine/Content/EditorResources/S_Actor.uasset" 235
"../../../Engine/Content/EditorResources/S_Note.uasset" 236
"../../../Engine/Content/EditorResources/S_Solver.uasset" 237
"../../../Engine/Content/EditorResources/S_Trigger.uasset" 238
"../../../Engine/Content/EditorResources/LightIcons/S_LightError.uasset" 239
"../../../Engine/Content/EditorResources/SequenceRecorder/Countdown.uasset" 240
"../../../Engine/Content/EditorResources/SequenceRecorder/RecordingIndicator.uasset" 241
"../../../Engine/Content/EditorSounds/Notifications/CompileFailed.uasset" 242
"../../../Engine/Content/EditorSounds/Notifications/CompileFailed_Cue.uasset" 243
"../../../Engine/Content/EditorSounds/Notifications/CompileSuccess.uasset" 244
"../../../Engine/Content/EditorSounds/Notifications/CompileStart_Cue.uasset" 245
"../../../Engine/Content/EditorSounds/Notifications/CompileSuccess_Cue.uasset" 246
"../../../Engine/Content/EngineDamageTypes/DmgTypeBP_Environmental.uasset" 247
"../../../Engine/Content/EngineDebugMaterials/DebugEditorMaterial.uasset" 248
"../../../Engine/Content/EngineDebugMaterials/DebugMeshMaterial.uasset" 249
"../../../Engine/Content/EngineDebugMaterials/M_SimpleTranslucent.uasset" 250
"../../../Engine/Content/Functions/Engine_MaterialFunctions02/Utility/CameraDirectionVector.uasset" 251
"../../../Engine/Content/EngineDebugMaterials/VolumeToRender.uasset" 252
"../../../Engine/Content/EngineDebugMaterials/M_VolumeRenderSphereTracePP.uasset" 253
"../../../Engine/Content/EngineDebugMaterials/WireframeMaterial.uasset" 254
"../../../Engine/Content/EngineFonts/Faces/DroidSansFallback.uasset" 255
"../../../Engine/Content/EngineFonts/Faces/RobotoBold.uasset" 256
"../../../Engine/Content/EngineFonts/Faces/RobotoBoldItalic.uasset" 257
"../../../Engine/Content/EngineFonts/Faces/RobotoItalic.uasset" 258
"../../../Engine/Content/EngineFonts/Faces/RobotoLight.uasset" 259
"../../../Engine/Content/EngineFonts/Faces/RobotoRegular.uasset" 260
"../../../Engine/Content/EngineFonts/Roboto.uasset" 261
"../../../Engine/Content/EngineMaterials/BaseFlattenDiffuseMap.uasset" 262
"../../../Engine/Content/EngineMaterials/BaseFlattenEmissiveMap.uasset" 263
"../../../Engine/Content/EngineMaterials/BaseFlattenGrayscaleMap.uasset" 264
"../../../Engine/Content/EngineMaterials/BaseFlattenNormalMap.uasset" 265
"../../../Engine/Content/EngineMaterials/BaseFlattenMaterial.uasset" 266
"../../../Engine/Content/EngineMaterials/BlueNoise.uasset" 267
"../../../Engine/Content/EngineMaterials/DefaultBloomKernel.uasset" 268
"../../../Engine/Content/EngineMaterials/DefaultBokeh.uasset" 269
"../../../Engine/Content/EngineMaterials/DefaultDiffuse.uasset" 270
"../../../Engine/Content/EngineMaterials/DefaultDeferredDecalMaterial.uasset" 271
"../../../Engine/Content/EngineMaterials/DefaultLightFunctionMaterial.uasset" 272
"../../../Engine/Content/EngineMaterials/DefaultPhysicalMaterial.uasset" 273
"../../../Engine/Content/Functions/Engine_MaterialFunctions02/Utility/BreakOutFloat2Components.uasset" 274
"../../../Engine/Content/EngineMaterials/DefaultPostProcessMaterial.uasset" 275
"../../../Engine/Content/EngineFonts/RobotoDistanceField.uasset" 276
"../../../Engine/Content/EngineMaterials/DefaultTextMaterialOpaque.uasset" 277
"../../../Engine/Content/EngineMaterials/DefaultVirtualTextureMaterial.uasset" 278
"../../../Engine/Content/EngineMaterials/DefaultWhiteGrid.uasset" 279
"../../../Engine/Content/EngineMaterials/DefaultWhiteGrid_Low.uasset" 280
"../../../Engine/Content/EngineMaterials/EmissiveMeshMaterial.uasset" 281
"../../../Engine/Content/EngineMaterials/GizmoMaterial.uasset" 282
"../../../Engine/Content/EngineMaterials/Good64x64TilingNoiseHighFreq.uasset" 283
"../../../Engine/Content/EngineMaterials/HairDefaultMaterial.uasset" 284
"../../../Engine/Content/EngineMaterials/MiniFont.uasset" 285
"../../../Engine/Content/EngineMaterials/InvalidLightmapSettings.uasset" 286
"../../../Engine/Content/EngineMaterials/M_InvalidLightmapSettings.uasset" 287
"../../../Engine/Content/Functions/Engine_MaterialFunctions02/WorldPositionOffset/CameraOffset.uasset" 288
"../../../Engine/Content/EngineMaterials/PhAT_JointLimitMaterial.uasset" 289
"../../../Engine/Content/EngineMaterials/PreintegratedSkinBRDF.uasset" 290
"../../../Engine/Content/EngineMaterials/RemoveSurfaceMaterial.uasset" 291
"../../../Engine/Content/EngineMaterials/WeightMapPlaceholderTexture.uasset" 292
"../../../Engine/Content/EngineResources/WhiteSquareTexture.uasset" 293
"../../../Engine/Content/EngineMaterials/Widget3DPassThrough.uasset" 294
"../../../Engine/Content/EngineMaterials/Widget3DPassThrough_Masked.uasset" 295
"../../../Engine/Content/EngineMaterials/Widget3DPassThrough_Opaque.uasset" 296
"../../../Engine/Content/EngineMaterials/Widget3DPassThrough_Masked_OneSided.uasset" 297
"../../../Engine/Content/EngineMaterials/Widget3DPassThrough_Opaque_OneSided.uasset" 298
"../../../Engine/Content/EngineMaterials/Widget3DPassThrough_Translucent.uasset" 299
"../../../Engine/Content/EngineMaterials/Widget3DPassThrough_Translucent_OneSided.uasset" 300
"../../../Engine/Content/EngineMeshes/Cylinder.uasset" 301
"../../../Engine/Content/EngineMeshes/Sphere.uasset" 302
"../../../Engine/Content/EngineResources/Black.uasset" 303
"../../../Engine/Content/EngineResources/DefaultTexture.uasset" 304
"../../../Engine/Content/EngineResources/DefaultTextureCube.uasset" 305
"../../../Engine/Content/EngineResources/DefaultVolumeTexture2D.uasset" 306
"../../../Engine/Content/EngineResources/DefaultVolumeTexture.uasset" 307
"../../../Engine/Content/EngineResources/GradientTexture0.uasset" 308
"../../../Engine/Content/EngineSounds/Master.uasset" 309
"../../../Engine/Content/Functions/Engine_MaterialFunctions01/Shading/ConvertFromDiffSpec.uasset" 310
"../../../Engine/Content/Functions/Engine_MaterialFunctions01/Shading/PowerToRoughness.uasset" 311
"../../../Engine/Content/Maps/Templates/Thumbnails/Default.uasset" 312
"../../../Engine/Content/Maps/Templates/Thumbnails/TimeOfDay.uasset" 313
"../../../Engine/Content/Maps/Templates/Thumbnails/VR-Basic.uasset" 314
"../../../Engine/Content/MobileResources/T_MobileControls_texture.uasset" 315
"../../../Engine/Content/MobileResources/T_MobileMenu2.uasset" 316
"../../../Engine/Content/MobileResources/HUD/AnalogHat.uasset" 317
"../../../Engine/Content/MobileResources/HUD/VirtualJoystick_Background.uasset" 318
"../../../Engine/Content/MobileResources/HUD/VirtualJoystick_Thumb.uasset" 319
"../../../Engine/Content/MobileResources/HUD/DefaultVirtualJoysticks.uasset" 320
"../../../Engine/Content/MobileResources/HUD/LeftVirtualJoystickOnly.uasset" 321
"../../../Engine/Content/MobileResources/HUD/MobileHUDButton1_off.uasset" 322
"../../../Engine/Content/MobileResources/HUD/MobileHUDButton1_on.uasset" 323
"../../../Engine/Content/MobileResources/HUD/MobileHUDButton2_off.uasset" 324
"../../../Engine/Content/MobileResources/HUD/MobileHUDButton2_on.uasset" 325
"../../../Engine/Content/MobileResources/HUD/MobileHUDButton3.uasset" 326
"../../../Engine/Content/MobileResources/HUD/MobileHUDButtonFire.uasset" 327
"../../../Engine/Content/MobileResources/HUD/MobileHUDDirectionPad.uasset" 328
"../../../Engine/Content/MobileResources/HUD/MobileHUDDirectionPad2.uasset" 329
"../../../Engine/Content/MobileResources/HUD/MobileHUDDirectionPad3.uasset" 330
"../../../Engine/Content/MobileResources/HUD/MobileHUDDirectionStick.uasset" 331
"../../../Engine/Content/MobileResources/HUD/T_Castle_ThumbstickInner.uasset" 332
"../../../Engine/Content/MobileResources/HUD/T_Castle_ThumbstickOutter.uasset" 333
"../../../Engine/Content/Tutorial/ContentIntroCurve.uasset" 334
"../../../Engine/Content/Tutorial/Basics/ContentBrowserOverview.uasset" 335
"../../../Engine/Content/Tutorial/Basics/FeaturePacks.uasset" 336
"../../../Engine/Content/Tutorial/Basics/LevelEditorAttract.uasset" 337
"../../../Engine/Content/Tutorial/Basics/TutorialAssets/icon_tab_Levels_40x.uasset" 338
"../../../Engine/Content/Tutorial/Basics/LevelEditorOverview.uasset" 339
"../../../Engine/Content/Tutorial/Basics/TutorialAssets/CameraActor_64x.uasset" 340
"../../../Engine/Content/Tutorial/Basics/ViewportsTutorial.uasset" 341
"../../../Engine/Content/Tutorial/BlueprintTutorials/TutorialAssets/Blueprint_64x.uasset" 342
"../../../Engine/Content/Tutorial/BlueprintTutorials/BlueprintEditorTutorial.uasset" 343
"../../../Engine/Content/Tutorial/BlueprintTutorials/LevelBlueprintEditorOverview.uasset" 344
"../../../Engine/Content/Tutorial/Foliage/TutorialAssets/Foliage.uasset" 345
"../../../Engine/Content/Tutorial/Foliage/Foliage_Intro_Tutorial.uasset" 346
"../../../Engine/Content/Tutorial/Foliage/Foliage_Settings_Tutorial.uasset" 347
"../../../Engine/Content/Tutorial/Foliage/Foliage_Using_The_Tool_Tutorial.uasset" 348
"../../../Engine/Content/Tutorial/InWorldBlueprintEditing/IWBE_Tutorial.uasset" 349
"../../../Engine/Content/Tutorial/InWorldBlueprintEditing/IWBE_Tutorial_Part2.uasset" 350
"../../../Engine/Content/Tutorial/InWorldBlueprintEditing/IWBE_Tutorial_Part3.uasset" 351
"../../../Engine/Content/Tutorial/Mobile/TutorialAssets/IOS.uasset" 352
"../../../Engine/Content/Tutorial/Mobile/CreatingSigningCertAndProvisionTutorial.uasset" 353
"../../../Engine/Content/Tutorial/SubEditors/GettingSubstance.uasset" 354
"../../../Engine/Content/Tutorial/SubEditors/MaterialEditorTutorial.uasset" 355
"../../../Engine/Content/Tutorial/SubEditors/TutorialAssets/TutorialMaterial.uasset" 356
"../../../Engine/Content/VREditor/LaserPointer/VR_LaserPower_01.uasset" 357
"../../../Engine/Content/VREditor/TransformGizmo/TransformGizmoMaterial.uasset" 358
"../../../Engine/Content/VREditor/TransformGizmo/TranslucentTransformGizmoMaterial.uasset" 359
"../../../Engine/Content/VREditor/TransformGizmo/BoundingBoxCorner.uasset" 360
"../../../Engine/Content/VREditor/TransformGizmo/BoundingBoxEdge.uasset" 361
"../../../Engine/Content/VREditor/TransformGizmo/PlaneTranslationHandle.uasset" 362
"../../../Engine/Content/VREditor/TransformGizmo/Main.uasset" 363
"../../../Engine/Content/VREditor/TransformGizmo/Xray.uasset" 364
"../../../Engine/Content/VREditor/TransformGizmo/SM_Sequencer_Key.uasset" 365
"../../../Engine/Content/VREditor/TransformGizmo/SM_Sequencer_Node.uasset" 366
"../../Plugins/2D/Paper2D/Content/PlaceholderTextures/DummySpriteTexture.uasset" 367
"../../Plugins/2D/Paper2D/Content/DummySprite.uasset" 368
"../../Plugins/2D/Paper2D/Content/DefaultPaperTerrainMaterial.uasset" 369
"../../Plugins/2D/Paper2D/Content/DummySpriteTexture.uasset" 370
"../../Plugins/2D/Paper2D/Content/DefaultSpriteMaterial.uasset" 371
"../../Plugins/2D/Paper2D/Content/MaskedUnlitSpriteMaterial.uasset" 372
"../../Plugins/2D/Paper2D/Content/OpaqueUnlitSpriteMaterial.uasset" 373
"../../../Engine/Content/Functions/Engine_MaterialFunctions02/Utility/BreakOutFloat4Components.uasset" 374
"../../../Engine/Content/Functions/Engine_MaterialFunctions02/Utility/MakeFloat2.uasset" 375
"../../../Engine/Content/Functions/Engine_MaterialFunctions02/Utility/MakeFloat3.uasset" 376
"../../Plugins/Runtime/Oculus/OculusVR/Content/Materials/OculusMR_ChromaKey.uasset" 377
"../../Plugins/Runtime/Oculus/OculusVR/Content/Materials/OculusMR_ChromaKey_Lit.uasset" 378
"../../Plugins/Runtime/Oculus/OculusVR/Content/Materials/OculusMR_OpaqueColoredMaterial.uasset" 379
"../../Plugins/Runtime/Oculus/OculusVR/Content/Materials/OculusMR_WhiteMaterial.uasset" 380
"../../../Engine/Content/EngineSky/C_Sky_Cloud_Color.uasset" 381
"../../../Engine/Content/EngineSky/C_Sky_Horizon_Color.uasset" 382
"../../../Engine/Content/EngineSky/C_Sky_Zenith_Color.uasset" 383
"../../../Engine/Content/EngineSky/T_Sky_Blue.uasset" 384
"../../../Engine/Content/EngineSky/T_Sky_Clouds_M.uasset" 385
"../../../Engine/Content/EngineSky/T_Sky_Stars.uasset" 386
"../../../Engine/Content/EngineSky/M_Sky_Panning_Clouds2.uasset" 387
"../../../Engine/Content/EngineSky/SM_SkySphere.uasset" 388
"../../../Engine/Content/EngineSky/BP_Sky_Sphere.uasset" 389
"../../../../../Users/jaitk/OneDrive/Documents/Unreal Projects/CoopGame/Content/Maps/Blockout_P_BuiltData.uasset" 390
"../../../../../Users/jaitk/OneDrive/Documents/Unreal Projects/CoopGame/Content/Environment/M_BasicBox.uasset" 391
"../../../../../Users/jaitk/OneDrive/Documents/Unreal Projects/CoopGame/Content/Environment/MF_WorldUVs.uasset" 392
"../../../Engine/Content/VREditor/BasicMeshes/T_CleanFloorGrunge_01_D.uasset" 393
"../../../../../Users/jaitk/OneDrive/Documents/Unreal Projects/CoopGame/Content/Environment/M_BlockoutSimple.uasset" 394
"../../../../../Users/jaitk/OneDrive/Documents/Unreal Projects/CoopGame/Content/Environment/MI_BlockoutSimple_Inst.uasset" 395
"../../../Engine/Content/BasicShapes/Cube.uasset" 396
"../../../../../Users/jaitk/OneDrive/Documents/Unreal Projects/CoopGame/Content/Maps/Blockout_P.umap" 397
"../../../../../Users/jaitk/OneDrive/Documents/Unreal Projects/CoopGame/Content/UI/MainMenuBackgroundEdited.uasset" 398
"../../../../../Users/jaitk/OneDrive/Documents/Unreal Projects/CoopGame/Content/UI/WP_MainMenu.uasset" 399
"../../../../../Users/jaitk/OneDrive/Documents/Unreal Projects/CoopGame/Content/Maps/MainMenu.umap" 400
"../../../../../Users/jaitk/OneDrive/Documents/Unreal Projects/CoopGame/Content/AdvancedAI/Decorator_CheckBelowHealth.uasset" 401
"../../../../../Users/jaitk/OneDrive/Documents/Unreal Projects/CoopGame/Content/AdvancedAI/Task_HealSelf.uasset" 402
"../../../../../Users/jaitk/OneDrive/Documents/Unreal Projects/CoopGame/Content/AdvancedAI/Task_StopAttackingTarget.uasset" 403
"../../../../../Users/jaitk/OneDrive/Documents/Unreal Projects/CoopGame/Content/Blueprints/EnvQueryContext_AllPlayers.uasset" 404
"../../../../../Users/jaitk/OneDrive/Documents/Unreal Projects/CoopGame/Content/AdvancedAI/EQS_FindCover.uasset" 405
"../../../../../Users/jaitk/OneDrive/Documents/Unreal Projects/CoopGame/Content/AdvancedAI/BT_AdvancedAI.uasset" 406
"../../../../../Users/jaitk/OneDrive/Documents/Unreal Projects/CoopGame/Content/WeaponEffects/BasicTracer/M_BeamEnemy.uasset" 407
"../../../../../Users/jaitk/OneDrive/Documents/Unreal Projects/CoopGame/Content/WeaponEffects/BasicTracer/P_SmokeTrailEnemy.uasset" 408
"../../../../../Users/jaitk/OneDrive/Documents/Unreal Projects/CoopGame/Content/AdvancedAI/BP_Rifle_AI.uasset" 409
"../../../../../Users/jaitk/OneDrive/Documents/Unreal Projects/CoopGame/Content/AnimStarterPack/UE4_Mannequin/Materials/M_UE4Man_Body3.uasset" 410
"../../../../../Users/jaitk/OneDrive/Documents/Unreal Projects/CoopGame/Content/AnimStarterPack/UE4_Mannequin/Materials/M_UE4Man_ChestLogo3.uasset" 411
"../../../../../Users/jaitk/OneDrive/Documents/Unreal Projects/CoopGame/Content/AdvancedAI/BP_AdvancedAI.uasset" 412
"../../../../../Users/jaitk/OneDrive/Documents/Unreal Projects/CoopGame/Content/Blueprints/BP_GameState.uasset" 413
"../../../../../Users/jaitk/OneDrive/Documents/Unreal Projects/CoopGame/Content/Blueprints/EnvQueryContext_BotSpawns.uasset" 414
"../../../../../Users/jaitk/OneDrive/Documents/Unreal Projects/CoopGame/Content/Blueprints/EQS_FindSpawnLocation.uasset" 415
"../../../../../Users/jaitk/OneDrive/Documents/Unreal Projects/CoopGame/Content/Blueprints/BP_TestGameMode.uasset" 416
"../../../../../Users/jaitk/OneDrive/Documents/Unreal Projects/CoopGame/Content/Powerups/M_PowerupLightFunction.uasset" 417
"../../../../../Users/jaitk/OneDrive/Documents/Unreal Projects/CoopGame/Content/Powerups/BP_PowerupBase.uasset" 418
"../../../../../Users/jaitk/OneDrive/Documents/Unreal Projects/CoopGame/Content/Powerups/M_Powerup.uasset" 419
"../../../../../Users/jaitk/OneDrive/Documents/Unreal Projects/CoopGame/Content/Powerups/MI_PowerupSpeed.uasset" 420
"../../../../../Users/jaitk/OneDrive/Documents/Unreal Projects/CoopGame/Content/Powerups/SpeedIcon.uasset" 421
"../../../../../Users/jaitk/OneDrive/Documents/Unreal Projects/CoopGame/Content/Powerups/Powerup_SuperSpeed.uasset" 422
"../../../../../Users/jaitk/OneDrive/Documents/Unreal Projects/CoopGame/Content/Powerups/T_CircleMask3.uasset" 423
"../../../../../Users/jaitk/OneDrive/Documents/Unreal Projects/CoopGame/Content/Powerups/M_PowerupDecal.uasset" 424
"../../../../../Users/jaitk/OneDrive/Documents/Unreal Projects/CoopGame/Content/Powerups/BP_TestPickup.uasset" 425
"../../../../../Users/jaitk/OneDrive/Documents/Unreal Projects/CoopGame/Content/Powerups/HealthIcon.uasset" 426
"../../../../../Users/jaitk/OneDrive/Documents/Unreal Projects/CoopGame/Content/Powerups/Powerup_HealthRegen.uasset" 427
"../../../../../Users/jaitk/OneDrive/Documents/Unreal Projects/CoopGame/Content/Powerups/MI_QuadDamage.uasset" 428
"../../../Engine/Content/VREditor/BasicMeshes/M_Floor_01.uasset" 429
"../../../Engine/Content/VREditor/BasicMeshes/MI_Pyramid_01.uasset" 430
"../../../Engine/Content/VREditor/BasicMeshes/SM_Pyramid_01.uasset" 431
"../../../../../Users/jaitk/OneDrive/Documents/Unreal Projects/CoopGame/Content/Powerups/Powerup_QuadDamage.uasset" 432
"../../../../../Users/jaitk/OneDrive/Documents/Unreal Projects/CoopGame/Content/Maps/Map1_BuiltData.uasset" 433
"../../../../../Users/jaitk/OneDrive/Documents/Unreal Projects/CoopGame/Content/Environment/M_Blockout2.uasset" 434
"../../../../../Users/jaitk/OneDrive/Documents/Unreal Projects/CoopGame/Content/Environment/M_Blockout2_Inst.uasset" 435
"../../../../../Users/jaitk/OneDrive/Documents/Unreal Projects/CoopGame/Content/Maps/Map1.umap" 436
"../../../../../Users/jaitk/OneDrive/Documents/Unreal Projects/CoopGame/Content/Blueprints/BP_EQSTestingPawn.uasset" 437
"../../../Engine/Content/BasicShapes/BasicShapeMaterial.uasset" 438
"../../../Engine/Content/BasicShapes/Sphere.uasset" 439
"../../../../../Users/jaitk/OneDrive/Documents/Unreal Projects/CoopGame/Content/Blueprints/BP_GrenadeProjectile.uasset" 440
"../../../../../Users/jaitk/OneDrive/Documents/Unreal Projects/CoopGame/Content/Weapons/Launcher_01_N.uasset" 441
"../../../../../Users/jaitk/OneDrive/Documents/Unreal Projects/CoopGame/Content/Weapons/MI_Launcher01.uasset" 442
"../../../../../Users/jaitk/OneDrive/Documents/Unreal Projects/CoopGame/Content/Weapons/Launcher_02_N.uasset" 443
"../../../../../Users/jaitk/OneDrive/Documents/Unreal Projects/CoopGame/Content/Weapons/MI_Launcher02.uasset" 444
"../../../../../Users/jaitk/OneDrive/Documents/Unreal Projects/CoopGame/Content/Weapons/Launcher_Skeleton.uasset" 445
"../../../../../Users/jaitk/OneDrive/Documents/Unreal Projects/CoopGame/Content/Weapons/Launcher.uasset" 446
"../../../../../Users/jaitk/OneDrive/Documents/Unreal Projects/CoopGame/Content/Blueprints/BP_GrenadeLauncher.uasset" 447
"../../../../../Users/jaitk/OneDrive/Documents/Unreal Projects/CoopGame/Content/Blueprints/PlayerPawn_ENEMYTEST.uasset" 448
"../../../../../Users/jaitk/OneDrive/Documents/Unreal Projects/CoopGame/Content/Maps/P_TestMap_BuiltData.uasset" 449
"../../../Engine/Content/MapTemplates/SM_Template_Map_Floor.uasset" 450
"../../../../../Users/jaitk/OneDrive/Documents/Unreal Projects/CoopGame/Content/Maps/P_TestMap.umap" 451
"../../../../../Users/jaitk/OneDrive/Documents/Unreal Projects/CoopGame/Content/AnimStarterPack/Crouch_Idle_Rifle_Ironsights.uasset" 452
"../../../../../Users/jaitk/OneDrive/Documents/Unreal Projects/CoopGame/Content/AnimStarterPack/Crouch_Walk_Fwd_Rifle_Ironsights.uasset" 453
"../../../../../Users/jaitk/OneDrive/Documents/Unreal Projects/CoopGame/Content/AnimStarterPack/Equip_Pistol_Standing.uasset" 454
"../../../../../Users/jaitk/OneDrive/Documents/Unreal Projects/CoopGame/Content/AnimStarterPack/Fire_Rifle_Ironsights.uasset" 455
"../../../../../Users/jaitk/OneDrive/Documents/Unreal Projects/CoopGame/Content/AnimStarterPack/Hit_React_1.uasset" 456
"../../../../../Users/jaitk/OneDrive/Documents/Unreal Projects/CoopGame/Content/AnimStarterPack/Hit_React_2.uasset" 457
"../../../../../Users/jaitk/OneDrive/Documents/Unreal Projects/CoopGame/Content/AnimStarterPack/Hit_React_3.uasset" 458
"../../../../../Users/jaitk/OneDrive/Documents/Unreal Projects/CoopGame/Content/AnimStarterPack/Idle_Rifle_Hip_Break1.uasset" 459
"../../../../../Users/jaitk/OneDrive/Documents/Unreal Projects/CoopGame/Content/AnimStarterPack/Idle_Rifle_Hip_Break2.uasset" 460
"../../../../../Users/jaitk/OneDrive/Documents/Unreal Projects/CoopGame/Content/AnimStarterPack/Reload_Rifle_Hip.uasset" 461
"../../../../../Users/jaitk/OneDrive/Documents/Unreal Projects/CoopGame/Content/AnimStarterPack/Walk_Fwd_Rifle_Ironsights.uasset" 462
"../../../Engine/Content/TemplateResources/M_Template_Master.uasset" 463
"../../../Engine/Content/TemplateResources/MI_Template_BaseGray_03_Metal.uasset" 464
"../../../../../Users/jaitk/OneDrive/Documents/Unreal Projects/CoopGame/Content/AnimStarterPack/Showcase.umap" 465
"../../../Engine/Content/Maps/Entry_BuiltData.uasset" 466
"../../../Engine/Content/Maps/Entry.umap" 467
